[0914/054037.635:ERROR:file_io_win.cc(162)] CreateFile C:\Users\ash\AppData\Local\Temp\puppeteer_dev_chrome_profile-sYpNxM\Crashpad\settings.dat: The system cannot find the path specified. (0x3)
[0914/054037.636:ERROR:file_io_win.cc(171)] CreateFile C:\Users\ash\AppData\Local\Temp\puppeteer_dev_chrome_profile-sYpNxM\Crashpad\reports\1855d072-cbde-41ca-9490-c4e07b101035.dmp: The system cannot find the path specified. (0x3)
[0914/054037.636:ERROR:crash_report_exception_handler.cc(97)] PrepareNewCrashReport failed
[0914/054240.302:ERROR:file_io_win.cc(162)] CreateFile C:\Users\ash\AppData\Local\Temp\puppeteer_dev_chrome_profile-eRiyfm\Crashpad\settings.dat: The system cannot find the path specified. (0x3)
[0914/054240.303:ERROR:file_io_win.cc(171)] CreateFile C:\Users\ash\AppData\Local\Temp\puppeteer_dev_chrome_profile-eRiyfm\Crashpad\reports\6fac77c3-78ef-4d73-a3ac-c5a73da5c54c.dmp: The system cannot find the path specified. (0x3)
[0914/054240.305:ERROR:crash_report_exception_handler.cc(97)] PrepareNewCrashReport failed
[0914/061803.919:ERROR:file_io_win.cc(162)] CreateFile C:\Users\ash\AppData\Local\Temp\puppeteer_dev_chrome_profile-Q6OCci\Crashpad\settings.dat: The system cannot find the path specified. (0x3)
[0914/061803.920:ERROR:file_io_win.cc(171)] CreateFile C:\Users\ash\AppData\Local\Temp\puppeteer_dev_chrome_profile-Q6OCci\Crashpad\reports\a2330ac9-cd07-47d1-b7cb-f7d45f6d8ed9.dmp: The system cannot find the path specified. (0x3)
[0914/061803.920:ERROR:crash_report_exception_handler.cc(97)] PrepareNewCrashReport failed
[0914/062502.216:ERROR:file_io_win.cc(162)] CreateFile C:\Users\ash\AppData\Local\Temp\puppeteer_dev_chrome_profile-RCptz8\Crashpad\settings.dat: The system cannot find the path specified. (0x3)
[0914/062502.216:ERROR:file_io_win.cc(171)] CreateFile C:\Users\ash\AppData\Local\Temp\puppeteer_dev_chrome_profile-RCptz8\Crashpad\reports\c1db4713-a109-4cf2-8632-c5e86f300907.dmp: The system cannot find the path specified. (0x3)
[0914/062502.216:ERROR:crash_report_exception_handler.cc(97)] PrepareNewCrashReport failed
[0914/101619.467:ERROR:file_io_win.cc(162)] CreateFile C:\Users\ash\AppData\Local\Temp\puppeteer_dev_chrome_profile-eJhep4\Crashpad\settings.dat: The system cannot find the path specified. (0x3)
[0914/101619.468:ERROR:file_io_win.cc(171)] CreateFile C:\Users\ash\AppData\Local\Temp\puppeteer_dev_chrome_profile-eJhep4\Crashpad\reports\62fdc48b-92b5-44b3-89d4-c14c68c172ed.dmp: The system cannot find the path specified. (0x3)
[0914/101619.468:ERROR:crash_report_exception_handler.cc(97)] PrepareNewCrashReport failed
[0914/101643.980:ERROR:file_io_win.cc(162)] CreateFile C:\Users\ash\AppData\Local\Temp\puppeteer_dev_chrome_profile-u8wGYP\Crashpad\settings.dat: The system cannot find the path specified. (0x3)
[0914/101643.980:ERROR:file_io_win.cc(171)] CreateFile C:\Users\ash\AppData\Local\Temp\puppeteer_dev_chrome_profile-u8wGYP\Crashpad\reports\393cbde7-55b5-4fe1-b129-c7df57cddbd8.dmp: The system cannot find the path specified. (0x3)
[0914/101643.980:ERROR:crash_report_exception_handler.cc(97)] PrepareNewCrashReport failed
[0916/132940.769:ERROR:file_io_win.cc(162)] CreateFile C:\Users\ash\AppData\Local\Temp\puppeteer_dev_chrome_profile-9XhAvz\Crashpad\settings.dat: The system cannot find the path specified. (0x3)
[0916/132940.769:ERROR:file_io_win.cc(171)] CreateFile C:\Users\ash\AppData\Local\Temp\puppeteer_dev_chrome_profile-9XhAvz\Crashpad\reports\2c1d0d82-ffe6-4388-b841-b267ae0e20db.dmp: The system cannot find the path specified. (0x3)
[0916/132940.769:ERROR:crash_report_exception_handler.cc(97)] PrepareNewCrashReport failed
[0916/133937.519:ERROR:file_io_win.cc(162)] CreateFile C:\Users\ash\AppData\Local\Temp\puppeteer_dev_chrome_profile-wZLdi3\Crashpad\settings.dat: The system cannot find the path specified. (0x3)
[0916/133937.519:ERROR:file_io_win.cc(171)] CreateFile C:\Users\ash\AppData\Local\Temp\puppeteer_dev_chrome_profile-wZLdi3\Crashpad\reports\2fbbe44d-7c89-40fb-955e-35f99fa34a9d.dmp: The system cannot find the path specified. (0x3)
[0916/133937.519:ERROR:crash_report_exception_handler.cc(97)] PrepareNewCrashReport failed
[0918/102739.280:ERROR:file_io_win.cc(162)] CreateFile C:\Users\ash\AppData\Local\Temp\puppeteer_dev_chrome_profile-OZoATP\Crashpad\settings.dat: The system cannot find the path specified. (0x3)
[0918/102739.280:ERROR:file_io_win.cc(171)] CreateFile C:\Users\ash\AppData\Local\Temp\puppeteer_dev_chrome_profile-OZoATP\Crashpad\reports\2d39ef10-5fa0-4d05-a685-3023896173f4.dmp: The system cannot find the path specified. (0x3)
[0918/102739.280:ERROR:crash_report_exception_handler.cc(97)] PrepareNewCrashReport failed
[0922/094410.267:ERROR:file_io_win.cc(162)] CreateFile C:\Users\ash\AppData\Local\Temp\puppeteer_dev_chrome_profile-w6CRiL\Crashpad\settings.dat: The system cannot find the path specified. (0x3)
[0922/094410.268:ERROR:file_io_win.cc(171)] CreateFile C:\Users\ash\AppData\Local\Temp\puppeteer_dev_chrome_profile-w6CRiL\Crashpad\reports\0d119b5d-dc3c-48c1-b116-e491c1bc8490.dmp: The system cannot find the path specified. (0x3)
[0922/094410.268:ERROR:crash_report_exception_handler.cc(97)] PrepareNewCrashReport failed
